<?xml version="1.0" encoding="UTF-8"?>
<!-- Generated by org.testng.reporters.JUnitReportReporter -->
<testsuite hostname="LAPTOP-H3NEN01C" failures="0" tests="1" name="com.RequestChaining.RequestChainingTest" time="3.196" errors="0" timestamp="2022-02-11T13:24:35 IST" skipped="0">
  <testcase classname="com.RequestChaining.RequestChainingTest" name="chaining" time="3.196"/>
  <system-out/>
</testsuite> <!-- com.RequestChaining.RequestChainingTest -->
