<?xml version="1.0" encoding="UTF-8"?>
<!-- Generated by org.testng.reporters.JUnitReportReporter -->
<testsuite hostname="LAPTOP-H3NEN01C" failures="0" tests="1" name="com.testCase.addSingleProjectWithCreatedStatusTest" time="3.321" errors="0" timestamp="2022-02-13T23:00:52 IST" skipped="0">
  <testcase classname="com.testCase.addSingleProjectWithCreatedStatusTest" name="createSingleProject" time="3.321"/>
  <system-out/>
</testsuite> <!-- com.testCase.addSingleProjectWithCreatedStatusTest -->
