<?xml version="1.0" encoding="UTF-8"?>
<!-- Generated by org.testng.reporters.JUnitReportReporter -->
<testsuite hostname="LAPTOP-H3NEN01C" failures="0" tests="2" name="com.authentication.Authentications" time="2.801" errors="0" timestamp="2022-02-11T16:42:07 IST" skipped="0">
  <testcase classname="com.authentication.Authentications" name="preemptiveAuth" time="0.180"/>
  <system-out/>
  <testcase classname="com.authentication.Authentications" name="digestiveAuth" time="2.621"/>
  <system-out/>
</testsuite> <!-- com.authentication.Authentications -->
