<?xml version="1.0" encoding="UTF-8"?>
<!-- Generated by org.testng.reporters.JUnitReportReporter -->
<testsuite hostname="LAPTOP-H3NEN01C" failures="0" tests="1" name="ResponseValidation.VerifyResponseTimeUsingHamcrestTest" time="1.334" errors="0" timestamp="2022-02-10T16:55:21 IST" skipped="0">
  <testcase classname="ResponseValidation.VerifyResponseTimeUsingHamcrestTest" name="verify" time="1.334"/>
  <system-out/>
</testsuite> <!-- ResponseValidation.VerifyResponseTimeUsingHamcrestTest -->
