<?xml version="1.0" encoding="UTF-8"?>
<!-- Generated by org.testng.reporters.JUnitReportReporter -->
<testsuite hostname="LAPTOP-H3NEN01C" failures="0" tests="1" name="packageCRUDWithoutBDD.Createproject" time="3.462" errors="0" timestamp="2022-02-10T10:26:25 IST" skipped="0">
  <testcase classname="packageCRUDWithoutBDD.Createproject" name="createProject" time="3.462"/>
  <system-out/>
</testsuite> <!-- packageCRUDWithoutBDD.Createproject -->
