<?xml version="1.0" encoding="UTF-8"?>
<!-- Generated by org.testng.reporters.JUnitReportReporter -->
<testsuite hostname="LAPTOP-H3NEN01C" failures="0" tests="1" name="ResponseValidation.StaticResponseValidation" time="1.874" errors="0" timestamp="2022-02-13T19:59:10 IST" skipped="0">
  <testcase classname="ResponseValidation.StaticResponseValidation" name="verfy" time="1.874"/>
  <system-out/>
</testsuite> <!-- ResponseValidation.StaticResponseValidation -->
