<?xml version="1.0" encoding="UTF-8"?>
<!-- Generated by org.testng.reporters.JUnitReportReporter -->
<testsuite hostname="LAPTOP-H3NEN01C" failures="0" tests="1" name="com.authentication.Auth2" time="6.992" errors="0" timestamp="2022-02-11T17:00:22 IST" skipped="0">
  <testcase classname="com.authentication.Auth2" name="auths" time="6.992"/>
  <system-out/>
</testsuite> <!-- com.authentication.Auth2 -->
