<?xml version="1.0" encoding="UTF-8"?>
<!-- Generated by org.testng.reporters.JUnitReportReporter -->
<testsuite hostname="LAPTOP-H3NEN01C" failures="0" tests="1" name="ResponseValidation.DynamicResponseValidationTest" time="1.815" errors="0" timestamp="2022-02-13T20:01:38 IST" skipped="0">
  <testcase classname="ResponseValidation.DynamicResponseValidationTest" name="verify" time="1.815"/>
  <system-out/>
</testsuite> <!-- ResponseValidation.DynamicResponseValidationTest -->
