<?xml version="1.0" encoding="UTF-8"?>
<!-- Generated by org.testng.reporters.JUnitReportReporter -->
<testsuite hostname="LAPTOP-H3NEN01C" failures="0" tests="1" name="packageCRUDWithoutBDD.UpdateProject" time="2.774" errors="0" timestamp="2022-02-10T10:43:43 IST" skipped="0">
  <testcase classname="packageCRUDWithoutBDD.UpdateProject" name="updateProject" time="2.774"/>
  <system-out/>
</testsuite> <!-- packageCRUDWithoutBDD.UpdateProject -->
