<?xml version="1.0" encoding="UTF-8"?>
<!-- Generated by org.testng.reporters.JUnitReportReporter -->
<testsuite hostname="LAPTOP-H3NEN01C" failures="0" tests="1" name="packageCRUDWithoutBDD.DeleteProject" time="2.339" errors="0" timestamp="2022-02-10T10:51:25 IST" skipped="0">
  <testcase classname="packageCRUDWithoutBDD.DeleteProject" name="deleteProject" time="2.339"/>
  <system-out/>
</testsuite> <!-- packageCRUDWithoutBDD.DeleteProject -->
