<?xml version="1.0" encoding="UTF-8"?>
<!-- Generated by org.testng.reporters.JUnitReportReporter -->
<testsuite hostname="LAPTOP-H3NEN01C" failures="0" tests="1" name="com.testCase.AddProjectWithDuplicateID" time="2.695" errors="0" timestamp="2022-02-12T00:28:34 IST" skipped="0">
  <testcase classname="com.testCase.AddProjectWithDuplicateID" name="addProjectwithDuolicateID" time="2.695"/>
  <system-out/>
</testsuite> <!-- com.testCase.AddProjectWithDuplicateID -->
