<?xml version="1.0" encoding="UTF-8"?>
<!-- Generated by org.testng.reporters.JUnitReportReporter -->
<testsuite hostname="LAPTOP-H3NEN01C" failures="0" tests="1" name="CRUDWithBDD.UpdateTest" time="2.745" errors="0" timestamp="2022-02-10T12:34:02 IST" skipped="0">
  <testcase classname="CRUDWithBDD.UpdateTest" name="update" time="2.745"/>
  <system-out/>
</testsuite> <!-- CRUDWithBDD.UpdateTest -->
