<?xml version="1.0" encoding="UTF-8"?>
<!-- Generated by org.testng.reporters.JUnitReportReporter -->
<testsuite hostname="LAPTOP-H3NEN01C" failures="0" tests="1" name="com.parameters.PathParameterTest" time="2.341" errors="0" timestamp="2022-02-11T12:45:45 IST" skipped="0">
  <testcase classname="com.parameters.PathParameterTest" name="param" time="2.341"/>
  <system-out/>
</testsuite> <!-- com.parameters.PathParameterTest -->
