<?xml version="1.0" encoding="UTF-8"?>
<!-- Generated by org.testng.reporters.JUnitReportReporter -->
<testsuite hostname="LAPTOP-H3NEN01C" failures="0" tests="1" name="packageCRUDWithoutBDD.GetAllProjects" time="2.297" errors="0" timestamp="2022-02-10T10:58:34 IST" skipped="0">
  <testcase classname="packageCRUDWithoutBDD.GetAllProjects" name="getAllProjects" time="2.297"/>
  <system-out/>
</testsuite> <!-- packageCRUDWithoutBDD.GetAllProjects -->
