<?xml version="1.0" encoding="UTF-8"?>
<!-- Generated by org.testng.reporters.JUnitReportReporter -->
<testsuite hostname="LAPTOP-H3NEN01C" failures="0" tests="1" name="com.authentication.BearerTokenTest" time="4.432" errors="0" timestamp="2022-02-11T16:59:12 IST" skipped="0">
  <testcase classname="com.authentication.BearerTokenTest" name="bearerAuth" time="4.432"/>
  <system-out/>
</testsuite> <!-- com.authentication.BearerTokenTest -->
