<?xml version="1.0" encoding="UTF-8"?>
<!-- Generated by org.testng.reporters.JUnitReportReporter -->
<testsuite hostname="LAPTOP-H3NEN01C" failures="0" tests="1" name="com.testCase.addProjectWitONGoingStatus" time="2.784" errors="0" timestamp="2022-02-12T00:10:28 IST" skipped="0">
  <testcase classname="com.testCase.addProjectWitONGoingStatus" name="onGoingProject" time="2.784"/>
  <system-out/>
</testsuite> <!-- com.testCase.addProjectWitONGoingStatus -->
