<?xml version="1.0" encoding="UTF-8"?>
<!-- Generated by org.testng.reporters.JUnitReportReporter -->
<testsuite hostname="LAPTOP-H3NEN01C" failures="0" tests="1" name="packageCRUDWithoutBDD.GetSingleProject" time="2.218" errors="0" timestamp="2022-02-10T10:41:52 IST" skipped="0">
  <testcase classname="packageCRUDWithoutBDD.GetSingleProject" name="getSingleProject" time="2.218"/>
  <system-out/>
</testsuite> <!-- packageCRUDWithoutBDD.GetSingleProject -->
