<?xml version="1.0" encoding="UTF-8"?>
<!-- Generated by org.testng.reporters.JUnitReportReporter -->
<testsuite hostname="LAPTOP-H3NEN01C" failures="0" tests="1" name="CRUDWithBDD.CreateProject" time="2.970" errors="0" timestamp="2022-02-10T12:25:41 IST" skipped="0">
  <testcase classname="CRUDWithBDD.CreateProject" name="create" time="2.970"/>
  <system-out/>
</testsuite> <!-- CRUDWithBDD.CreateProject -->
