<?xml version="1.0" encoding="UTF-8"?>
<!-- Generated by org.testng.reporters.JUnitReportReporter -->
<testsuite hostname="LAPTOP-H3NEN01C" failures="0" tests="1" name="CRUDWithBDD.DeleteResourceTest" time="2.385" errors="0" timestamp="2022-02-10T12:37:20 IST" skipped="0">
  <testcase classname="CRUDWithBDD.DeleteResourceTest" name="delete" time="2.385"/>
  <system-out/>
</testsuite> <!-- CRUDWithBDD.DeleteResourceTest -->
