<?xml version="1.0" encoding="UTF-8"?>
<!-- Generated by org.testng.reporters.JUnitReportReporter -->
<testsuite hostname="LAPTOP-H3NEN01C" failures="0" tests="1" name="com.parameters.ParametersTest" time="4.782" errors="0" timestamp="2022-02-11T12:38:37 IST" skipped="0">
  <testcase classname="com.parameters.ParametersTest" name="params" time="4.782"/>
  <system-out/>
</testsuite> <!-- com.parameters.ParametersTest -->
