<?xml version="1.0" encoding="UTF-8"?>
<!-- Generated by org.testng.reporters.JUnitReportReporter -->
<testsuite hostname="LAPTOP-H3NEN01C" failures="0" tests="1" name="WaysToPostRequest.CreateAResourceUsingHashMapTest" time="2.813" errors="0" timestamp="2022-02-10T14:35:32 IST" skipped="0">
  <testcase classname="WaysToPostRequest.CreateAResourceUsingHashMapTest" name="created" time="2.813"/>
  <system-out/>
</testsuite> <!-- WaysToPostRequest.CreateAResourceUsingHashMapTest -->
