<?xml version="1.0" encoding="UTF-8"?>
<!-- Generated by org.testng.reporters.JUnitReportReporter -->
<testsuite hostname="LAPTOP-H3NEN01C" failures="0" tests="1" name="WaysToPostRequest.CreateAResourceUsingPojo" time="2.839" errors="0" timestamp="2022-02-10T15:06:55 IST" skipped="0">
  <testcase classname="WaysToPostRequest.CreateAResourceUsingPojo" name="create" time="2.839"/>
  <system-out/>
</testsuite> <!-- WaysToPostRequest.CreateAResourceUsingPojo -->
