<?xml version="1.0" encoding="UTF-8"?>
<!-- Generated by org.testng.reporters.JUnitReportReporter -->
<testsuite hostname="LAPTOP-H3NEN01C" failures="0" tests="1" name="CRUDWithBDD.GetAllResource" time="2.614" errors="0" timestamp="2022-02-10T12:16:16 IST" skipped="0">
  <testcase classname="CRUDWithBDD.GetAllResource" name="getResource" time="2.614"/>
  <system-out/>
</testsuite> <!-- CRUDWithBDD.GetAllResource -->
