<?xml version="1.0" encoding="UTF-8"?>
<!-- Generated by org.testng.reporters.JUnitReportReporter -->
<testsuite hostname="LAPTOP-H3NEN01C" failures="0" tests="1" name="WaysToPostRequest.CreateAResourceUsingJSONObjectTest" time="2.760" errors="0" timestamp="2022-02-10T15:03:12 IST" skipped="0">
  <testcase classname="WaysToPostRequest.CreateAResourceUsingJSONObjectTest" name="create" time="2.760"/>
  <system-out/>
</testsuite> <!-- WaysToPostRequest.CreateAResourceUsingJSONObjectTest -->
